[debug] [2021-09-01T08:39:37.504Z] ----------------------------------------------------------------------
[debug] [2021-09-01T08:39:37.507Z] Command:       C:\Program Files\nodejs\node.exe C:\Users\hp\AppData\Roaming\npm\node_modules\firebase-tools\lib\bin\firebase.js init hosting
[debug] [2021-09-01T08:39:37.507Z] CLI Version:   9.16.6
[debug] [2021-09-01T08:39:37.507Z] Platform:      win32
[debug] [2021-09-01T08:39:37.507Z] Node Version:  v14.15.4
[debug] [2021-09-01T08:39:37.509Z] Time:          Wed Sep 01 2021 14:09:37 GMT+0530 (India Standard Time)
[debug] [2021-09-01T08:39:37.509Z] ----------------------------------------------------------------------
[debug] 
[debug] [2021-09-01T08:39:37.519Z] > command requires scopes: ["email","openid","https://www.googleapis.com/auth/cloudplatformprojects.readonly","https://www.googleapis.com/auth/firebase","https://www.googleapis.com/auth/cloud-platform"]
[debug] [2021-09-01T08:39:37.520Z] > authorizing via signed-in user (dhruvamzaveri14@gmail.com)
[info] 
     ######## #### ########  ######## ########     ###     ######  ########
     ##        ##  ##     ## ##       ##     ##  ##   ##  ##       ##
     ######    ##  ########  ######   ########  #########  ######  ######
     ##        ##  ##    ##  ##       ##     ## ##     ##       ## ##
     ##       #### ##     ## ######## ########  ##     ##  ######  ########

You're about to initialize a Firebase project in this directory:

  D:\Projects\Web Projects\Jasmin porfolio website\30-06-2020

[info] 
=== Project Setup
[info] 
[info] First, let's associate this project directory with a Firebase project.
[info] You can create multiple project aliases by running firebase use --add, 
[info] but for now we'll just set up a default project.
[info] 
[debug] [2021-09-01T08:39:41.173Z] >>> [apiv2][query] GET https://firebase.googleapis.com/v1beta1/projects pageSize=100
[debug] [2021-09-01T08:39:41.931Z] <<< [apiv2][status] GET https://firebase.googleapis.com/v1beta1/projects 200
[debug] [2021-09-01T08:39:41.932Z] <<< [apiv2][body] GET https://firebase.googleapis.com/v1beta1/projects [omitted]
[debug] [2021-09-01T08:40:27.238Z] ----------------------------------------------------------------------
[debug] [2021-09-01T08:40:27.241Z] Command:       C:\Program Files\nodejs\node.exe C:\Users\hp\AppData\Roaming\npm\node_modules\firebase-tools\lib\bin\firebase.js init hosting
[debug] [2021-09-01T08:40:27.241Z] CLI Version:   9.16.6
[debug] [2021-09-01T08:40:27.241Z] Platform:      win32
[debug] [2021-09-01T08:40:27.241Z] Node Version:  v14.15.4
[debug] [2021-09-01T08:40:27.243Z] Time:          Wed Sep 01 2021 14:10:27 GMT+0530 (India Standard Time)
[debug] [2021-09-01T08:40:27.244Z] ----------------------------------------------------------------------
[debug] 
[debug] [2021-09-01T08:40:27.255Z] > command requires scopes: ["email","openid","https://www.googleapis.com/auth/cloudplatformprojects.readonly","https://www.googleapis.com/auth/firebase","https://www.googleapis.com/auth/cloud-platform"]
[debug] [2021-09-01T08:40:27.255Z] > authorizing via signed-in user (dhruvamzaveri14@gmail.com)
[info] 
     ######## #### ########  ######## ########     ###     ######  ########
     ##        ##  ##     ## ##       ##     ##  ##   ##  ##       ##
     ######    ##  ########  ######   ########  #########  ######  ######
     ##        ##  ##    ##  ##       ##     ## ##     ##       ## ##
     ##       #### ##     ## ######## ########  ##     ##  ######  ########

You're about to initialize a Firebase project in this directory:

  D:\Projects\Web Projects\Jasmin porfolio website\30-06-2020

[info] 
=== Project Setup
[info] 
[info] First, let's associate this project directory with a Firebase project.
[info] You can create multiple project aliases by running firebase use --add, 
[info] but for now we'll just set up a default project.
[info] 
[info] i  If you want to create a project in a Google Cloud organization or folder, please use "firebase projects:create" instead, and return to this command when you've created the project. 
